<?xml version="1.0" encoding="UTF-8" ?>
<testsuite errors="0" failures="6" hostname="LAPTOP-37F339O8" name="twitter.staff.SocialNetworkTestRunner" skipped="0" tests="14" time="0.145" timestamp="2022-03-12T17:24:35">
  <properties>
[...]
</properties>
  <testcase classname="twitter.staff.SocialNetworkTestRunner" name="yourTests_staffGoodImpl_guessFollowsGraphAlternatingCase" time="0.045">
    <failure message="Some of your tests failed when run against our correct implementation: 9 tests ran with 3 failures in 21 ms.&#xa;java.lang.AssertionError: expected key furrukh is there&#xd;&#xa;    ...&#xd;&#xa;    at twitter.SocialNetworkTest.GuessFollowsGraphMoreTweetsMoreFollowing(SocialNetworkTest.java:90)&#xd;&#xa;    ...&#xd;&#xa;java.lang.AssertionError: expected key furrukh is there&#xd;&#xa;    ...&#xd;&#xa;    at twitter.SocialNetworkTest.GuessFollowsGraphTwoTweetOneFollowing(SocialNetworkTest.java:65)&#xd;&#xa;    ...&#xd;&#xa;java.lang.AssertionError: expected key is there&#xd;&#xa;    ...&#xd;&#xa;    at twitter.SocialNetworkTest.testGuessFollowsGraphOneTweetOneFollowing(SocialNetworkTest.java:45)&#xd;&#xa;    ...&#xa;----" type="junit.framework.AssertionFailedError">junit.framework.AssertionFailedError: Some of your tests failed when run against our correct implementation: 9 tests ran with 3 failures in 21 ms.
java.lang.AssertionError: expected key furrukh is there
    ...
    at twitter.SocialNetworkTest.GuessFollowsGraphMoreTweetsMoreFollowing(SocialNetworkTest.java:90)
    ...
java.lang.AssertionError: expected key furrukh is there
    ...
    at twitter.SocialNetworkTest.GuessFollowsGraphTwoTweetOneFollowing(SocialNetworkTest.java:65)
    ...
java.lang.AssertionError: expected key is there
    ...
    at twitter.SocialNetworkTest.testGuessFollowsGraphOneTweetOneFollowing(SocialNetworkTest.java:45)
    ...
----
	at twitter.staff.TestHelpers.assertSuccess(TestHelpers.java:50)
	at twitter.staff.SocialNetworkTestRunner.yourTests_staffGoodImpl_guessFollowsGraphAlternatingCase(SocialNetworkTestRunner.java:39)
</failure>
  </testcase>
  <testcase classname="twitter.staff.SocialNetworkTestRunner" name="yourTests_staffGoodImpl_guessFollowsGraphReturnsEmptyNodes" time="0.003" />
  <testcase classname="twitter.staff.SocialNetworkTestRunner" name="yourTests_staffBadImpl_guessFollowsGraphCompleteGraphBug" time="0.002" />
  <testcase classname="twitter.staff.SocialNetworkTestRunner" name="yourTests_staffBadImpl_influencersMustBeCaseInsensitiveBug" time="0.002" />
  <testcase classname="twitter.staff.SocialNetworkTestRunner" name="yourTests_staffBadImpl_influencersReturnsFirstInRankOnlyBug" time="0.002" />
  <testcase classname="twitter.staff.SocialNetworkTestRunner" name="yourTests_staffGoodImpl_guessFollowsGraphReturnsNoEmptyNodes" time="0.004">
    <failure message="Some of your tests failed when run against our correct implementation: 9 tests ran with 2 failures in 2 ms.&#xa;java.lang.AssertionError: expected:&lt;{alyssa=[bbitdiddle], furrukh=[alyssa]}&gt; but was:&lt;{bbitdiddle=[], alyssa=[bbitdiddle], furrukh=[alyssa]}&gt;&#xd;&#xa;    ...&#xd;&#xa;    at twitter.SocialNetworkTest.GuessFollowsGraphMoreTweetsMoreFollowing(SocialNetworkTest.java:105)&#xd;&#xa;    ...&#xd;&#xa;java.lang.AssertionError: expected key alyssa is there&#xd;&#xa;    ...&#xd;&#xa;    at twitter.SocialNetworkTest.GuessFollowsGraphTwoTweetOneFollowing(SocialNetworkTest.java:66)&#xd;&#xa;    ...&#xa;----" type="junit.framework.AssertionFailedError">junit.framework.AssertionFailedError: Some of your tests failed when run against our correct implementation: 9 tests ran with 2 failures in 2 ms.
java.lang.AssertionError: expected:&lt;{alyssa=[bbitdiddle], furrukh=[alyssa]}&gt; but was:&lt;{bbitdiddle=[], alyssa=[bbitdiddle], furrukh=[alyssa]}&gt;
    ...
    at twitter.SocialNetworkTest.GuessFollowsGraphMoreTweetsMoreFollowing(SocialNetworkTest.java:105)
    ...
java.lang.AssertionError: expected key alyssa is there
    ...
    at twitter.SocialNetworkTest.GuessFollowsGraphTwoTweetOneFollowing(SocialNetworkTest.java:66)
    ...
----
	at twitter.staff.TestHelpers.assertSuccess(TestHelpers.java:50)
	at twitter.staff.SocialNetworkTestRunner.yourTests_staffGoodImpl_guessFollowsGraphReturnsNoEmptyNodes(SocialNetworkTestRunner.java:34)
</failure>
  </testcase>
  <testcase classname="twitter.staff.SocialNetworkTestRunner" name="yourTests_staffBadImpl_guessFollowsGraphFollowsInWrongDirectionBug" time="0.002" />
  <testcase classname="twitter.staff.SocialNetworkTestRunner" name="yourTests_staffBadImpl_guessFollowsGraphAddsNonExistentUsersBug" time="0.002" />
  <testcase classname="twitter.staff.SocialNetworkTestRunner" name="yourTests_staffGoodImpl_guessFollowsGraphBidirectionalFollowing" time="0.003">
    <failure message="Some of your tests failed when run against our correct implementation: 9 tests ran with 3 failures in 1 ms.&#xa;java.lang.AssertionError: expected:&lt;{bbitdiddle=[alyssa], alyssa=[bbitdiddle, furrukh], furrukh=[alyssa]}&gt; but was:&lt;{bbitdiddle=[], alyssa=[bbitdiddle], furrukh=[alyssa]}&gt;&#xd;&#xa;    ...&#xd;&#xa;    at twitter.SocialNetworkTest.GuessFollowsGraphMoreTweetsMoreFollowing(SocialNetworkTest.java:105)&#xd;&#xa;    ...&#xd;&#xa;java.lang.AssertionError: expected:&lt;{alyssa=[furrukh], furrukh=[alyssa]}&gt; but was:&lt;{alyssa=[], furrukh=[alyssa]}&gt;&#xd;&#xa;    ...&#xd;&#xa;    at twitter.SocialNetworkTest.GuessFollowsGraphTwoTweetOneFollowing(SocialNetworkTest.java:75)&#xd;&#xa;    ...&#xd;&#xa;java.lang.AssertionError: expected:&lt;{alyssa=[furrukh], furrukh=[alyssa]}&gt; but was:&lt;{furrukh=[alyssa]}&gt;&#xd;&#xa;    ...&#xd;&#xa;    at twitter.SocialNetworkTest.testGuessFollowsGraphOneTweetOneFollowing(SocialNetworkTest.java:53)&#xd;&#xa;    ...&#xa;----" type="junit.framework.AssertionFailedError">junit.framework.AssertionFailedError: Some of your tests failed when run against our correct implementation: 9 tests ran with 3 failures in 1 ms.
java.lang.AssertionError: expected:&lt;{bbitdiddle=[alyssa], alyssa=[bbitdiddle, furrukh], furrukh=[alyssa]}&gt; but was:&lt;{bbitdiddle=[], alyssa=[bbitdiddle], furrukh=[alyssa]}&gt;
    ...
    at twitter.SocialNetworkTest.GuessFollowsGraphMoreTweetsMoreFollowing(SocialNetworkTest.java:105)
    ...
java.lang.AssertionError: expected:&lt;{alyssa=[furrukh], furrukh=[alyssa]}&gt; but was:&lt;{alyssa=[], furrukh=[alyssa]}&gt;
    ...
    at twitter.SocialNetworkTest.GuessFollowsGraphTwoTweetOneFollowing(SocialNetworkTest.java:75)
    ...
java.lang.AssertionError: expected:&lt;{alyssa=[furrukh], furrukh=[alyssa]}&gt; but was:&lt;{furrukh=[alyssa]}&gt;
    ...
    at twitter.SocialNetworkTest.testGuessFollowsGraphOneTweetOneFollowing(SocialNetworkTest.java:53)
    ...
----
	at twitter.staff.TestHelpers.assertSuccess(TestHelpers.java:50)
	at twitter.staff.SocialNetworkTestRunner.yourTests_staffGoodImpl_guessFollowsGraphBidirectionalFollowing(SocialNetworkTestRunner.java:44)
</failure>
  </testcase>
  <testcase classname="twitter.staff.SocialNetworkTestRunner" name="yourTests_staffGoodImpl_influencersSameRankArbitraryOrder1" time="0.001" />
  <testcase classname="twitter.staff.SocialNetworkTestRunner" name="yourTests_staffGoodImpl_influencersSameRankArbitraryOrder2" time="0.005">
    <failure message="Some of your tests failed when run against our correct implementation: 9 tests ran with 1 failure in 2 ms.&#xa;org.junit.ComparisonFailure: expected:&lt;[smith]&gt; but was:&lt;[alyssa]&gt;&#xd;&#xa;    ...&#xd;&#xa;    at twitter.SocialNetworkTest.testInfluencer_ManyTweetsManyFollower(SocialNetworkTest.java:152)&#xd;&#xa;    ...&#xa;----" type="junit.framework.AssertionFailedError">junit.framework.AssertionFailedError: Some of your tests failed when run against our correct implementation: 9 tests ran with 1 failure in 2 ms.
    ...
    at twitter.SocialNetworkTest.testInfluencer_ManyTweetsManyFollower(SocialNetworkTest.java:152)
    ...
----
	at twitter.staff.TestHelpers.assertSuccess(TestHelpers.java:50)
	at twitter.staff.SocialNetworkTestRunner.yourTests_staffGoodImpl_influencersSameRankArbitraryOrder2(SocialNetworkTestRunner.java:54)
</failure>
  </testcase>
  <testcase classname="twitter.staff.SocialNetworkTestRunner" name="yourTests_staffBadImpl_guessFollowsGraphMustBeCaseInsensitiveBug" time="0.002">
    <failure message="None of your tests failed when run against our broken implementation: 9 tests ran with 0 failures in 1 ms." type="junit.framework.AssertionFailedError">junit.framework.AssertionFailedError: None of your tests failed when run against our broken implementation: 9 tests ran with 0 failures in 1 ms.
	at twitter.staff.TestHelpers.assertFailure(TestHelpers.java:59)
	at twitter.staff.SocialNetworkTestRunner.yourTests_staffBadImpl_guessFollowsGraphMustBeCaseInsensitiveBug(SocialNetworkTestRunner.java:69)
</failure>
  </testcase>
  <testcase classname="twitter.staff.SocialNetworkTestRunner" name="yourTests_staffBadImpl_guessFollowsGraphSelfMentionBug" time="0.002">
    <failure message="None of your tests failed when run against our broken implementation: 9 tests ran with 0 failures in 1 ms." type="junit.framework.AssertionFailedError">junit.framework.AssertionFailedError: None of your tests failed when run against our broken implementation: 9 tests ran with 0 failures in 1 ms.
	at twitter.staff.TestHelpers.assertFailure(TestHelpers.java:59)
	at twitter.staff.SocialNetworkTestRunner.yourTests_staffBadImpl_guessFollowsGraphSelfMentionBug(SocialNetworkTestRunner.java:64)
</failure>
  </testcase>
  <testcase classname="twitter.staff.SocialNetworkTestRunner" name="yourTests_staffBadImpl_influencersPrunesEmptyNodesBug" time="0.001" />
  <system-out><![CDATA[]]></system-out>
  <system-err><![CDATA[]]></system-err>
</testsuite>
