<?xml version="1.0" encoding="UTF-8" ?>
<testsuite errors="0" failures="6" hostname="LAPTOP-37F339O8" name="twitter.staff.SocialNetworkTestRunner" skipped="0" tests="14" time="0.145" timestamp="2022-03-12T17:24:35">
  <properties>
    <property name="java.vendor" value="Oracle Corporation" />
    <property name="sun.java.launcher" value="SUN_STANDARD" />
    <property name="sun.management.compiler" value="HotSpot 64-Bit Tiered Compilers" />
    <property name="build.sysclasspath" value="ignore" />
    <property name="os.name" value="Windows 10" />
    <property name="sun.boot.class.path" value="C:\Program Files\Java\jdk1.8.0_281\jre\lib\resources.jar;C:\Program Files\Java\jdk1.8.0_281\jre\lib\rt.jar;C:\Program Files\Java\jdk1.8.0_281\jre\lib\sunrsasign.jar;C:\Program Files\Java\jdk1.8.0_281\jre\lib\jsse.jar;C:\Program Files\Java\jdk1.8.0_281\jre\lib\jce.jar;C:\Program Files\Java\jdk1.8.0_281\jre\lib\charsets.jar;C:\Program Files\Java\jdk1.8.0_281\jre\lib\jfr.jar;C:\Program Files\Java\jdk1.8.0_281\jre\classes" />
    <property name="user.country.format" value="PK" />
    <property name="sun.desktop" value="windows" />
    <property name="final.grading" value="true" />
    <property name="java.vm.specification.vendor" value="Oracle Corporation" />
    <property name="ant.home" value="D:\Softwares\eclipse-java-2021-03-R-win32-x86_64\eclipse\plugins\org.apache.ant_1.10.9.v20201106-1946" />
    <property name="java.runtime.version" value="1.8.0_281-b09" />
    <property name="user.name" value="furru" />
    <property name="ant.build.javac.target" value="1.8" />
    <property name="user.language" value="en" />
    <property name="sun.boot.library.path" value="C:\Program Files\Java\jdk1.8.0_281\jre\bin" />
    <property name="grader.report.file" value="my-grader-report.xml" />
    <property name="ant.project.default-target" value="all" />
    <property name="java.version" value="1.8.0_281" />
    <property name="user.timezone" value="" />
    <property name="sun.arch.data.model" value="64" />
    <property name="java.endorsed.dirs" value="C:\Program Files\Java\jdk1.8.0_281\jre\lib\endorsed" />
    <property name="sun.cpu.isalist" value="amd64" />
    <property name="sun.jnu.encoding" value="Cp1252" />
    <property name="file.encoding.pkg" value="sun.io" />
    <property name="file.separator" value="\" />
    <property name="java.specification.name" value="Java Platform API Specification" />
    <property name="java.class.version" value="52.0" />
    <property name="user.country" value="US" />
    <property name="java.home" value="C:\Program Files\Java\jdk1.8.0_281\jre" />
    <property name="java.vm.info" value="mixed mode" />
    <property name="ant.file" value="C:\Users\furru\eclipse-workspace\ps2-tweets\grader.xml" />
    <property name="os.version" value="10.0" />
    <property name="final.grader.jar" value="ps2-final-grader.jar" />
    <property name="path.separator" value=";" />
    <property name="java.vm.version" value="25.281-b09" />
    <property name="user.variant" value="" />
    <property name="ant.library.dir" value="D:\Softwares\eclipse-java-2021-03-R-win32-x86_64\eclipse\plugins\org.apache.ant_1.10.9.v20201106-1946\lib" />
    <property name="java.awt.printerjob" value="sun.awt.windows.WPrinterJob" />
    <property name="sun.io.unicode.encoding" value="UnicodeLittle" />
    <property name="awt.toolkit" value="sun.awt.windows.WToolkit" />
    <property name="user.script" value="" />
    <property name="user.home" value="C:\Users\furru" />
    <property name="java.specification.vendor" value="Oracle Corporation" />
    <property name="which.tests.ran" value="BETA + FINAL" />
    <property name="java.library.path" value="C:\Program Files\Java\jdk1.8.0_281\jre\bin;C:\WINDOWS\Sun\Java\bin;C:\WINDOWS\system32;C:\WINDOWS;D:/Softwares/eclipse-java-2021-03-R-win32-x86_64/eclipse//plugins/org.eclipse.justj.openjdk.hotspot.jre.full.win32.x86_64_15.0.2.v20210201-0955/jre/bin/server;D:/Softwares/eclipse-java-2021-03-R-win32-x86_64/eclipse//plugins/org.eclipse.justj.openjdk.hotspot.jre.full.win32.x86_64_15.0.2.v20210201-0955/jre/bin;C:\Program Files (x86)\Common Files\Oracle\Java\javapath;C:\Python310\Scripts\;C:\Python310\;C:\Program Files (x86)\Intel\iCLS Client\;C:\Program Files\Intel\iCLS Client\;C:\WINDOWS\system32;C:\WINDOWS;C:\WINDOWS\System32\Wbem;C:\WINDOWS\System32\WindowsPowerShell\v1.0\;C:\WINDOWS\System32\OpenSSH\;C:\Program Files (x86)\Intel\Intel(R) Management Engine Components\DAL;C:\Program Files\Intel\Intel(R) Management Engine Components\DAL;C:\Program Files (x86)\Intel\Intel(R) Management Engine Components\IPT;C:\Program Files\Intel\Intel(R) Management Engine Components\IPT;C:\Program Files\Intel\WiFi\bin\;C:\Program Files\Common Files\Intel\WirelessCommon\;C:\ProgramData\chocolatey\bin;C:\Program Files\nodejs\;C:\ProgramData\ComposerSetup\bin;C:\Users\furru\AppData\Local\Microsoft\WindowsApps;C:\Users\furru\AppData\Local\Programs\Microsoft VS Code\bin;C:\Users\furru\AppData\Local\atom\bin;C:\Users\furru\AppData\Local\Android\Sdk\platform-tools;C:\Users\furru\AppData\Local\Android\Sdk;C:\Users\furru\AppData\Roaming\npm;D:\xampp\php\;C:\Users\furru\AppData\Roaming\Composer\vendor\bin;C:\Users\furru\AppData\Local\Microsoft\WindowsApps;C:\Program Files\heroku\bin;D:\Softwares\eclipse-java-2021-03-R-win32-x86_64\eclipse;;." />
    <property name="java.vendor.url" value="http://java.oracle.com/" />
    <property name="java.vm.vendor" value="Oracle Corporation" />
    <property name="java.runtime.name" value="Java(TM) SE Runtime Environment" />
    <property name="beta.grader.jar" value="ps2-beta-grader.jar" />
    <property name="sun.java.command" value="org.apache.tools.ant.taskdefs.optional.junit.JUnitTestRunner twitter.staff.SocialNetworkTestRunner skipNonTests=false filtertrace=true haltOnError=false haltOnFailure=false showoutput=false outputtoformatters=true logfailedtests=true threadid=0 logtestlistenerevents=false formatter=org.apache.tools.ant.taskdefs.optional.junit.XMLJUnitResultFormatter,C:\Users\furru\eclipse-workspace\ps2-tweets\.grader\TEST-twitter.staff.SocialNetworkTestRunner.xml crashfile=C:\Users\furru\eclipse-workspace\ps2-tweets\.grader\junitvmwatcher4787176834097925564.properties propsfile=C:\Users\furru\eclipse-workspace\ps2-tweets\.grader\junit1432533462426230588.properties" />
    <property name="java.class.path" value="C:\Users\furru\eclipse-workspace\ps2-tweets\lib\junit-4.12.jar;C:\Users\furru\eclipse-workspace\ps2-tweets\lib\hamcrest-core-1.3.jar;C:\Users\furru\eclipse-workspace\ps2-tweets\.grader\bin-impls-staff-final;C:\Users\furru\eclipse-workspace\ps2-tweets\.grader\bin-tests-student;D:\Softwares\eclipse-java-2021-03-R-win32-x86_64\eclipse\plugins\org.apache.ant_1.10.9.v20201106-1946\lib\ant-launcher.jar;D:\Softwares\eclipse-java-2021-03-R-win32-x86_64\eclipse\plugins\org.apache.ant_1.10.9.v20201106-1946\lib\ant.jar;D:\Softwares\eclipse-java-2021-03-R-win32-x86_64\eclipse\plugins\org.apache.ant_1.10.9.v20201106-1946\lib\ant-junit.jar;D:\Softwares\eclipse-java-2021-03-R-win32-x86_64\eclipse\plugins\org.apache.ant_1.10.9.v20201106-1946\lib\ant-junit4.jar" />
    <property name="ant.version" value="Apache Ant(TM) version 1.10.9 compiled on September 27 2020" />
    <property name="project.name" value="ps2-tweets" />
    <property name="java.vm.specification.name" value="Java Virtual Machine Specification" />
    <property name="java.vm.specification.version" value="1.8" />
    <property name="sun.cpu.endian" value="little" />
    <property name="didit.desc" value="Running your tests against our good and bad implementations" />
    <property name="sun.os.patch.level" value="" />
    <property name="java.io.tmpdir" value="C:\Users\furru\AppData\Local\Temp\" />
    <property name="java.vendor.url.bug" value="http://bugreport.sun.com/bugreport/" />
    <property name="os.arch" value="amd64" />
    <property name="java.awt.graphicsenv" value="sun.awt.Win32GraphicsEnvironment" />
    <property name="java.ext.dirs" value="C:\Program Files\Java\jdk1.8.0_281\jre\lib\ext;C:\WINDOWS\Sun\Java\lib\ext" />
    <property name="user.dir" value="C:\Users\furru\eclipse-workspace\ps2-tweets" />
    <property name="line.separator" value="&#xd;&#xa;" />
    <property name="zipfile" value="my-submission.zip" />
    <property name="java.vm.name" value="Java HotSpot(TM) 64-Bit Server VM" />
    <property name="problem.set" value="ps2" />
    <property name="basedir" value="C:\Users\furru\eclipse-workspace\ps2-tweets" />
    <property name="ant.java.version" value="1.8" />
    <property name="ant.core.lib" value="D:\Softwares\eclipse-java-2021-03-R-win32-x86_64\eclipse\plugins\org.apache.ant_1.10.9.v20201106-1946\lib\ant.jar" />
    <property name="file.encoding" value="Cp1252" />
    <property name="java.specification.version" value="1.8" />
    <property name="grader.dir" value=".grader" />
    <property name="ant.project.invoked-targets" value="all" />
  </properties>
  <testcase classname="twitter.staff.SocialNetworkTestRunner" name="yourTests_staffGoodImpl_guessFollowsGraphAlternatingCase" time="0.045">
    <failure message="Some of your tests failed when run against our correct implementation: 9 tests ran with 3 failures in 21 ms.&#xa;java.lang.AssertionError: expected key furrukh is there&#xd;&#xa;    ...&#xd;&#xa;    at twitter.SocialNetworkTest.GuessFollowsGraphMoreTweetsMoreFollowing(SocialNetworkTest.java:90)&#xd;&#xa;    ...&#xd;&#xa;java.lang.AssertionError: expected key furrukh is there&#xd;&#xa;    ...&#xd;&#xa;    at twitter.SocialNetworkTest.GuessFollowsGraphTwoTweetOneFollowing(SocialNetworkTest.java:65)&#xd;&#xa;    ...&#xd;&#xa;java.lang.AssertionError: expected key is there&#xd;&#xa;    ...&#xd;&#xa;    at twitter.SocialNetworkTest.testGuessFollowsGraphOneTweetOneFollowing(SocialNetworkTest.java:45)&#xd;&#xa;    ...&#xa;----" type="junit.framework.AssertionFailedError">junit.framework.AssertionFailedError: Some of your tests failed when run against our correct implementation: 9 tests ran with 3 failures in 21 ms.
java.lang.AssertionError: expected key furrukh is there
    ...
    at twitter.SocialNetworkTest.GuessFollowsGraphMoreTweetsMoreFollowing(SocialNetworkTest.java:90)
    ...
java.lang.AssertionError: expected key furrukh is there
    ...
    at twitter.SocialNetworkTest.GuessFollowsGraphTwoTweetOneFollowing(SocialNetworkTest.java:65)
    ...
java.lang.AssertionError: expected key is there
    ...
    at twitter.SocialNetworkTest.testGuessFollowsGraphOneTweetOneFollowing(SocialNetworkTest.java:45)
    ...
----
	at twitter.staff.TestHelpers.assertSuccess(TestHelpers.java:50)
	at twitter.staff.SocialNetworkTestRunner.yourTests_staffGoodImpl_guessFollowsGraphAlternatingCase(SocialNetworkTestRunner.java:39)
</failure>
  </testcase>
  <testcase classname="twitter.staff.SocialNetworkTestRunner" name="yourTests_staffGoodImpl_guessFollowsGraphReturnsEmptyNodes" time="0.003" />
  <testcase classname="twitter.staff.SocialNetworkTestRunner" name="yourTests_staffBadImpl_guessFollowsGraphCompleteGraphBug" time="0.002" />
  <testcase classname="twitter.staff.SocialNetworkTestRunner" name="yourTests_staffBadImpl_influencersMustBeCaseInsensitiveBug" time="0.002" />
  <testcase classname="twitter.staff.SocialNetworkTestRunner" name="yourTests_staffBadImpl_influencersReturnsFirstInRankOnlyBug" time="0.002" />
  <testcase classname="twitter.staff.SocialNetworkTestRunner" name="yourTests_staffGoodImpl_guessFollowsGraphReturnsNoEmptyNodes" time="0.004">
    <failure message="Some of your tests failed when run against our correct implementation: 9 tests ran with 2 failures in 2 ms.&#xa;java.lang.AssertionError: expected:&lt;{alyssa=[bbitdiddle], furrukh=[alyssa]}&gt; but was:&lt;{bbitdiddle=[], alyssa=[bbitdiddle], furrukh=[alyssa]}&gt;&#xd;&#xa;    ...&#xd;&#xa;    at twitter.SocialNetworkTest.GuessFollowsGraphMoreTweetsMoreFollowing(SocialNetworkTest.java:105)&#xd;&#xa;    ...&#xd;&#xa;java.lang.AssertionError: expected key alyssa is there&#xd;&#xa;    ...&#xd;&#xa;    at twitter.SocialNetworkTest.GuessFollowsGraphTwoTweetOneFollowing(SocialNetworkTest.java:66)&#xd;&#xa;    ...&#xa;----" type="junit.framework.AssertionFailedError">junit.framework.AssertionFailedError: Some of your tests failed when run against our correct implementation: 9 tests ran with 2 failures in 2 ms.
java.lang.AssertionError: expected:&lt;{alyssa=[bbitdiddle], furrukh=[alyssa]}&gt; but was:&lt;{bbitdiddle=[], alyssa=[bbitdiddle], furrukh=[alyssa]}&gt;
    ...
    at twitter.SocialNetworkTest.GuessFollowsGraphMoreTweetsMoreFollowing(SocialNetworkTest.java:105)
    ...
java.lang.AssertionError: expected key alyssa is there
    ...
    at twitter.SocialNetworkTest.GuessFollowsGraphTwoTweetOneFollowing(SocialNetworkTest.java:66)
    ...
----
	at twitter.staff.TestHelpers.assertSuccess(TestHelpers.java:50)
	at twitter.staff.SocialNetworkTestRunner.yourTests_staffGoodImpl_guessFollowsGraphReturnsNoEmptyNodes(SocialNetworkTestRunner.java:34)
</failure>
  </testcase>
  <testcase classname="twitter.staff.SocialNetworkTestRunner" name="yourTests_staffBadImpl_guessFollowsGraphFollowsInWrongDirectionBug" time="0.002" />
  <testcase classname="twitter.staff.SocialNetworkTestRunner" name="yourTests_staffBadImpl_guessFollowsGraphAddsNonExistentUsersBug" time="0.002" />
  <testcase classname="twitter.staff.SocialNetworkTestRunner" name="yourTests_staffGoodImpl_guessFollowsGraphBidirectionalFollowing" time="0.003">
    <failure message="Some of your tests failed when run against our correct implementation: 9 tests ran with 3 failures in 1 ms.&#xa;java.lang.AssertionError: expected:&lt;{bbitdiddle=[alyssa], alyssa=[bbitdiddle, furrukh], furrukh=[alyssa]}&gt; but was:&lt;{bbitdiddle=[], alyssa=[bbitdiddle], furrukh=[alyssa]}&gt;&#xd;&#xa;    ...&#xd;&#xa;    at twitter.SocialNetworkTest.GuessFollowsGraphMoreTweetsMoreFollowing(SocialNetworkTest.java:105)&#xd;&#xa;    ...&#xd;&#xa;java.lang.AssertionError: expected:&lt;{alyssa=[furrukh], furrukh=[alyssa]}&gt; but was:&lt;{alyssa=[], furrukh=[alyssa]}&gt;&#xd;&#xa;    ...&#xd;&#xa;    at twitter.SocialNetworkTest.GuessFollowsGraphTwoTweetOneFollowing(SocialNetworkTest.java:75)&#xd;&#xa;    ...&#xd;&#xa;java.lang.AssertionError: expected:&lt;{alyssa=[furrukh], furrukh=[alyssa]}&gt; but was:&lt;{furrukh=[alyssa]}&gt;&#xd;&#xa;    ...&#xd;&#xa;    at twitter.SocialNetworkTest.testGuessFollowsGraphOneTweetOneFollowing(SocialNetworkTest.java:53)&#xd;&#xa;    ...&#xa;----" type="junit.framework.AssertionFailedError">junit.framework.AssertionFailedError: Some of your tests failed when run against our correct implementation: 9 tests ran with 3 failures in 1 ms.
java.lang.AssertionError: expected:&lt;{bbitdiddle=[alyssa], alyssa=[bbitdiddle, furrukh], furrukh=[alyssa]}&gt; but was:&lt;{bbitdiddle=[], alyssa=[bbitdiddle], furrukh=[alyssa]}&gt;
    ...
    at twitter.SocialNetworkTest.GuessFollowsGraphMoreTweetsMoreFollowing(SocialNetworkTest.java:105)
    ...
java.lang.AssertionError: expected:&lt;{alyssa=[furrukh], furrukh=[alyssa]}&gt; but was:&lt;{alyssa=[], furrukh=[alyssa]}&gt;
    ...
    at twitter.SocialNetworkTest.GuessFollowsGraphTwoTweetOneFollowing(SocialNetworkTest.java:75)
    ...
java.lang.AssertionError: expected:&lt;{alyssa=[furrukh], furrukh=[alyssa]}&gt; but was:&lt;{furrukh=[alyssa]}&gt;
    ...
    at twitter.SocialNetworkTest.testGuessFollowsGraphOneTweetOneFollowing(SocialNetworkTest.java:53)
    ...
----
	at twitter.staff.TestHelpers.assertSuccess(TestHelpers.java:50)
	at twitter.staff.SocialNetworkTestRunner.yourTests_staffGoodImpl_guessFollowsGraphBidirectionalFollowing(SocialNetworkTestRunner.java:44)
</failure>
  </testcase>
  <testcase classname="twitter.staff.SocialNetworkTestRunner" name="yourTests_staffGoodImpl_influencersSameRankArbitraryOrder1" time="0.001" />
  <testcase classname="twitter.staff.SocialNetworkTestRunner" name="yourTests_staffGoodImpl_influencersSameRankArbitraryOrder2" time="0.005">
    <failure message="Some of your tests failed when run against our correct implementation: 9 tests ran with 1 failure in 2 ms.&#xa;org.junit.ComparisonFailure: expected:&lt;[smith]&gt; but was:&lt;[alyssa]&gt;&#xd;&#xa;    ...&#xd;&#xa;    at twitter.SocialNetworkTest.testInfluencer_ManyTweetsManyFollower(SocialNetworkTest.java:152)&#xd;&#xa;    ...&#xa;----" type="junit.framework.AssertionFailedError">junit.framework.AssertionFailedError: Some of your tests failed when run against our correct implementation: 9 tests ran with 1 failure in 2 ms.
    ...
    at twitter.SocialNetworkTest.testInfluencer_ManyTweetsManyFollower(SocialNetworkTest.java:152)
    ...
----
	at twitter.staff.TestHelpers.assertSuccess(TestHelpers.java:50)
	at twitter.staff.SocialNetworkTestRunner.yourTests_staffGoodImpl_influencersSameRankArbitraryOrder2(SocialNetworkTestRunner.java:54)
</failure>
  </testcase>
  <testcase classname="twitter.staff.SocialNetworkTestRunner" name="yourTests_staffBadImpl_guessFollowsGraphMustBeCaseInsensitiveBug" time="0.002">
    <failure message="None of your tests failed when run against our broken implementation: 9 tests ran with 0 failures in 1 ms." type="junit.framework.AssertionFailedError">junit.framework.AssertionFailedError: None of your tests failed when run against our broken implementation: 9 tests ran with 0 failures in 1 ms.
	at twitter.staff.TestHelpers.assertFailure(TestHelpers.java:59)
	at twitter.staff.SocialNetworkTestRunner.yourTests_staffBadImpl_guessFollowsGraphMustBeCaseInsensitiveBug(SocialNetworkTestRunner.java:69)
</failure>
  </testcase>
  <testcase classname="twitter.staff.SocialNetworkTestRunner" name="yourTests_staffBadImpl_guessFollowsGraphSelfMentionBug" time="0.002">
    <failure message="None of your tests failed when run against our broken implementation: 9 tests ran with 0 failures in 1 ms." type="junit.framework.AssertionFailedError">junit.framework.AssertionFailedError: None of your tests failed when run against our broken implementation: 9 tests ran with 0 failures in 1 ms.
	at twitter.staff.TestHelpers.assertFailure(TestHelpers.java:59)
	at twitter.staff.SocialNetworkTestRunner.yourTests_staffBadImpl_guessFollowsGraphSelfMentionBug(SocialNetworkTestRunner.java:64)
</failure>
  </testcase>
  <testcase classname="twitter.staff.SocialNetworkTestRunner" name="yourTests_staffBadImpl_influencersPrunesEmptyNodesBug" time="0.001" />
  <system-out><![CDATA[]]></system-out>
  <system-err><![CDATA[]]></system-err>
</testsuite>
